platforms/android/app/build/intermediates/manifest_merge_blame_file/release/manifest-merger-blame-release-report.txt
1<?xml version="1.0" encoding="utf-8"?>
2<manifest xmlns:android="http://schemas.android.com/apk/res/android"
3    package="com.julianoamorim.cursospringbootionic15"
4    android:hardwareAccelerated="true"
5    android:versionCode="1"
6    android:versionName="0.0.1" >
7
8    <uses-sdk
9        android:minSdkVersion="22"
9-->src\main\AndroidManifest.xml
10        android:targetSdkVersion="30" />
10-->src\main\AndroidManifest.xml
11
12    <supports-screens
12-->src\main\AndroidManifest.xml:3:5-191
13        android:anyDensity="true"
13-->src\main\AndroidManifest.xml:3:23-48
14        android:largeScreens="true"
14-->src\main\AndroidManifest.xml:3:49-76
15        android:normalScreens="true"
15-->src\main\AndroidManifest.xml:3:77-105
16        android:resizeable="true"
16-->src\main\AndroidManifest.xml:3:106-131
17        android:smallScreens="true"
17-->src\main\AndroidManifest.xml:3:132-159
18        android:xlargeScreens="true" />
18-->src\main\AndroidManifest.xml:3:160-188
19
20    <uses-permission android:name="android.permission.INTERNET" />
20-->src\main\AndroidManifest.xml:4:5-67
20-->src\main\AndroidManifest.xml:4:22-64
21    <uses-permission android:name="android.permission.WRITE_EXTERNAL_STORAGE" />
21-->src\main\AndroidManifest.xml:16:5-81
21-->src\main\AndroidManifest.xml:16:22-78
22
23    <queries>
23-->src\main\AndroidManifest.xml:17:5-31:15
24        <intent>
24-->src\main\AndroidManifest.xml:18:9-20:18
25            <action android:name="android.media.action.IMAGE_CAPTURE" />
25-->src\main\AndroidManifest.xml:19:13-73
25-->src\main\AndroidManifest.xml:19:21-70
26        </intent>
27        <intent>
27-->src\main\AndroidManifest.xml:21:9-23:18
28            <action android:name="android.intent.action.GET_CONTENT" />
28-->src\main\AndroidManifest.xml:22:13-72
28-->src\main\AndroidManifest.xml:22:21-69
29        </intent>
30        <intent>
30-->src\main\AndroidManifest.xml:24:9-26:18
31            <action android:name="android.intent.action.PICK" />
31-->src\main\AndroidManifest.xml:25:13-65
31-->src\main\AndroidManifest.xml:25:21-62
32        </intent>
33        <intent>
33-->src\main\AndroidManifest.xml:27:9-30:18
34            <action android:name="com.android.camera.action.CROP" />
34-->src\main\AndroidManifest.xml:28:13-69
34-->src\main\AndroidManifest.xml:28:21-66
35
36            <data
36-->src\main\AndroidManifest.xml:29:13-73
37                android:mimeType="image/*"
37-->src\main\AndroidManifest.xml:29:19-45
38                android:scheme="content" />
38-->src\main\AndroidManifest.xml:29:46-70
39        </intent>
40    </queries>
41
42    <application
42-->src\main\AndroidManifest.xml:5:5-15:19
43        android:appComponentFactory="androidx.core.app.CoreComponentFactory"
43-->[androidx.core:core:1.6.0] AndroidManifest.xml:24:18-86
44        android:hardwareAccelerated="true"
44-->src\main\AndroidManifest.xml:5:18-52
45        android:icon="@mipmap/ic_launcher"
45-->src\main\AndroidManifest.xml:5:53-87
46        android:label="@string/app_name"
46-->src\main\AndroidManifest.xml:5:88-120
47        android:networkSecurityConfig="@xml/network_security_config"
47-->src\main\AndroidManifest.xml:5:121-181
48        android:supportsRtl="true" >
48-->src\main\AndroidManifest.xml:5:182-208
49        <activity
49-->src\main\AndroidManifest.xml:6:9-11:20
50            android:name="com.julianoamorim.cursospringbootionic15.MainActivity"
50-->src\main\AndroidManifest.xml:6:205-232
51            android:configChanges="orientation|keyboardHidden|keyboard|screenSize|locale|smallestScreenSize|screenLayout|uiMode"
51-->src\main\AndroidManifest.xml:6:19-135
52            android:label="@string/activity_name"
52-->src\main\AndroidManifest.xml:6:136-173
53            android:launchMode="singleTop"
53-->src\main\AndroidManifest.xml:6:174-204
54            android:theme="@style/Theme.AppCompat.NoActionBar"
54-->src\main\AndroidManifest.xml:6:233-283
55            android:windowSoftInputMode="adjustResize" >
55-->src\main\AndroidManifest.xml:6:284-326
56            <intent-filter android:label="@string/launcher_name" >
56-->src\main\AndroidManifest.xml:7:13-10:29
56-->src\main\AndroidManifest.xml:7:28-65
57                <action android:name="android.intent.action.MAIN" />
57-->src\main\AndroidManifest.xml:8:17-69
57-->src\main\AndroidManifest.xml:8:25-66
58
59                <category android:name="android.intent.category.LAUNCHER" />
59-->src\main\AndroidManifest.xml:9:17-77
59-->src\main\AndroidManifest.xml:9:27-74
60            </intent-filter>
61        </activity>
62
63        <provider
64            android:name="org.apache.cordova.camera.FileProvider"
64-->src\main\AndroidManifest.xml:12:149-202
65            android:authorities="com.julianoamorim.cursospringbootionic15.cordova.plugin.camera.provider"
65-->src\main\AndroidManifest.xml:12:19-88
66            android:exported="false"
66-->src\main\AndroidManifest.xml:12:89-113
67            android:grantUriPermissions="true" >
67-->src\main\AndroidManifest.xml:12:114-148
68            <meta-data
68-->src\main\AndroidManifest.xml:13:13-123
69                android:name="android.support.FILE_PROVIDER_PATHS"
69-->src\main\AndroidManifest.xml:13:24-74
70                android:resource="@xml/camera_provider_paths" />
70-->src\main\AndroidManifest.xml:13:75-120
71        </provider>
72    </application>
73
74</manifest>